Build started 8/11/2014 11:04:36 PM.
     1>Project "E:\acm\Projects\ACM  L2\ACM  L2\ACM  L2.vcxproj" on node 2 (Build target(s)).
     1>ClCompile:
         C:\Program Files (x86)\Microsoft Visual Studio 12.0\VC\bin\CL.exe /c /Zi /nologo /W3 /WX- /sdl /O2 /Oi /Oy- /GL /D WIN32 /D NDEBUG /D _CONSOLE /D _LIB /D _UNICODE /D UNICODE /Gm- /EHsc /MD /GS /Gy /fp:precise /Zc:wchar_t /Zc:forScope /Fo"Release\\" /Fd"Release\vc120.pdb" /Gd /TP /analyze- /errorReport:prompt course.cpp faculty.cpp Source.cpp student.cpp
         course.cpp
     1>course.cpp(24): warning C4018: '<' : signed/unsigned mismatch
         faculty.cpp
     1>faculty.cpp(61): warning C4018: '<' : signed/unsigned mismatch
     1>faculty.cpp(93): warning C4018: '<' : signed/unsigned mismatch
         Source.cpp
         student.cpp
     1>student.cpp(36): warning C4018: '<' : signed/unsigned mismatch
       Link:
         C:\Program Files (x86)\Microsoft Visual Studio 12.0\VC\bin\link.exe /ERRORREPORT:PROMPT /OUT:"E:\acm\Projects\ACM  L2\Release\ACM  L2.exe" /INCREMENTAL:NO /NOLOGO kernel32.lib user32.lib gdi32.lib winspool.lib comdlg32.lib advapi32.lib shell32.lib ole32.lib oleaut32.lib uuid.lib odbc32.lib odbccp32.lib /MANIFEST /MANIFESTUAC:"level='asInvoker' uiAccess='false'" /manifest:embed /DEBUG /PDB:"E:\acm\Projects\ACM  L2\Release\ACM  L2.pdb" /SUBSYSTEM:CONSOLE /OPT:REF /OPT:ICF /LTCG /TLBID:1 /DYNAMICBASE /NXCOMPAT /IMPLIB:"E:\acm\Projects\ACM  L2\Release\ACM  L2.lib" /MACHINE:X86 /SAFESEH Release\course.obj
         Release\faculty.obj
         Release\Source.obj
         Release\student.obj
         Generating code
         Finished generating code
         ACM  L2.vcxproj -> E:\acm\Projects\ACM  L2\Release\ACM  L2.exe
     1>Done Building Project "E:\acm\Projects\ACM  L2\ACM  L2\ACM  L2.vcxproj" (Build target(s)).

Build succeeded.

Time Elapsed 00:00:05.66
